INFO:sim:172 - Generating IP...
Resolving generics for 'vgaclk_pll'...
Applying external generics to 'vgaclk_pll'...
Delivering associated files for 'vgaclk_pll'...
WARNING:sim - Component clk_wiz_v3_6 does not have a valid model name for VHDL
   synthesis
Delivering EJava files for 'vgaclk_pll'...
Delivered 3 files into directory
D:/Personal/Projects/ILF-16/ILF-GFX/ipcore_dir/tmp/_cg/vgaclk_pll
Delivered 1 file into directory
D:/Personal/Projects/ILF-16/ILF-GFX/ipcore_dir/tmp/_cg/vgaclk_pll
Generating ASY schematic symbol...
Loading device for application Rf_Device from file '6slx9.nph' in environment
D:\Programs\Xilinx\14.7\ISE_DS\ISE\.
INFO:sim:949 - Finished generation of ASY schematic symbol.
Generating SYM schematic symbol for 'vgaclk_pll'...
Generating ISE project...
XCO file found: vgaclk_pll.xco
XMDF file found: vgaclk_pll_xmdf.tcl
Adding D:/Personal/Projects/ILF-16/ILF-GFX/ipcore_dir/tmp/_cg/vgaclk_pll.asy
-view all -origin_type imported
Adding D:/Personal/Projects/ILF-16/ILF-GFX/ipcore_dir/tmp/_cg/vgaclk_pll.ucf
-view all -origin_type created
Adding D:/Personal/Projects/ILF-16/ILF-GFX/ipcore_dir/tmp/_cg/vgaclk_pll.vhd
-view all -origin_type created
INFO:HDLCompiler:1061 - Parsing VHDL file
   "D:/Personal/Projects/ILF-16/ILF-GFX/ipcore_dir/tmp/_cg/vgaclk_pll.vhd" into
   library work
INFO:ProjectMgmt - Parsing design hierarchy completed successfully.
Adding D:/Personal/Projects/ILF-16/ILF-GFX/ipcore_dir/tmp/_cg/vgaclk_pll.vho
-view all -origin_type imported
INFO:TclTasksC:2116 - The automatic calculation of top has been turned-off.
   Please set the new top explicitly by running the "project set top" command.
   To re-calculate the new top automatically, set the "Auto Implementation Top"
   property to true.
Top level has been set to "/vgaclk_pll"
Generating README file...
Generating FLIST file...
INFO:sim:948 - Finished FLIST file generation.
Launching README viewer...
Moving files to output directory...
Finished moving files to output directory
Wrote CGP file for project 'vgaclk_pll'.
