Release 14.7 - ngc2edif P.20131013 (nt)
Copyright (c) 1995-2013 Xilinx, Inc.  All rights reserved.
Reading design rom.ngc ...
WARNING:NetListWriters:298 - No output is written to rom.xncf, ignored.
Processing design ...
   Preping design's networks ...
   Preping design's macros ...
  finished :Prep
Writing EDIF netlist file rom.edif ...
ngc2edif: Total memory usage is 91368 kilobytes

Release 14.7 - ngc2edif P.20131013 (nt)
Copyright (c) 1995-2013 Xilinx, Inc.  All rights reserved.
Reading design ram.ngc ...
WARNING:NetListWriters:298 - No output is written to ram.xncf, ignored.
Processing design ...
   Preping design's networks ...
   Preping design's macros ...
  finished :Prep
Writing EDIF netlist file ram.edif ...
ngc2edif: Total memory usage is 90768 kilobytes

Release 14.7 - ngc2edif P.20131013 (nt)
Copyright (c) 1995-2013 Xilinx, Inc.  All rights reserved.
Reading design rom.ngc ...
WARNING:NetListWriters:298 - No output is written to rom.xncf, ignored.
Processing design ...
   Preping design's networks ...
   Preping design's macros ...
  finished :Prep
Writing EDIF netlist file rom.edif ...
ngc2edif: Total memory usage is 91728 kilobytes

Release 14.7 - ngc2edif P.20131013 (nt)
Copyright (c) 1995-2013 Xilinx, Inc.  All rights reserved.
Reading design ram.ngc ...
WARNING:NetListWriters:298 - No output is written to ram.xncf, ignored.
Processing design ...
   Preping design's networks ...
   Preping design's macros ...
  finished :Prep
Writing EDIF netlist file ram.edif ...
ngc2edif: Total memory usage is 91728 kilobytes

