INFO:sim:172 - Generating IP...
Applying current project options...
Finished applying current project options.
WARNING:sim - A core named 'rom' already exists in the project. Output products
   for this core may be overwritten.
Resolving generics for 'rom'...
WARNING:sim - A core named 'rom' already exists in the project. Output products
   for this core may be overwritten.
Applying external generics to 'rom'...
Delivering associated files for 'rom'...
Delivering EJava files for 'rom'...
Generating implementation netlist for 'rom'...
INFO:sim - Pre-processing HDL files for 'rom'...
Running synthesis for 'rom'
Running ngcbuild...
Writing VHO instantiation template for 'rom'...
Writing VHDL behavioral simulation model for 'rom'...
WARNING:sim - Overwriting existing file
   D:/Personal/Projects/ILF-16/ILF-16/ipcore_dir/tmp/_cg/rom/doc/blk_mem_gen_v7_
   3_vinfo.html with file from view xilinx_documentation
Delivered 1 file into directory
D:/Personal/Projects/ILF-16/ILF-16/ipcore_dir/tmp/_cg/rom
Generating ASY schematic symbol...
INFO:sim:949 - Finished generation of ASY schematic symbol.
Generating SYM schematic symbol for 'rom'...
Generating metadata file...
Regenerating ISE project file for 'rom'...
Generating ISE project...
XCO file found: rom.xco
XMDF file found: rom_xmdf.tcl
Adding D:/Personal/Projects/ILF-16/ILF-16/ipcore_dir/tmp/_cg/rom.asy -view all
-origin_type imported
Adding D:/Personal/Projects/ILF-16/ILF-16/ipcore_dir/tmp/_cg/rom.ngc -view all
-origin_type created
Checking file "D:/Personal/Projects/ILF-16/ILF-16/ipcore_dir/tmp/_cg/rom.ngc"
for project device match ...
File "D:/Personal/Projects/ILF-16/ILF-16/ipcore_dir/tmp/_cg/rom.ngc" device
information matches project device.
Adding D:/Personal/Projects/ILF-16/ILF-16/ipcore_dir/tmp/_cg/rom.sym -view all
-origin_type imported
Adding D:/Personal/Projects/ILF-16/ILF-16/ipcore_dir/tmp/_cg/rom.vhd -view all
-origin_type created
INFO:HDLCompiler:1061 - Parsing VHDL file
   "D:/Personal/Projects/ILF-16/ILF-16/ipcore_dir/tmp/_cg/rom.vhd" into library
   work
INFO:ProjectMgmt - Parsing design hierarchy completed successfully.
Adding D:/Personal/Projects/ILF-16/ILF-16/ipcore_dir/tmp/_cg/rom.vho -view all
-origin_type imported
INFO:TclTasksC:2116 - The automatic calculation of top has been turned-off.
   Please set the new top explicitly by running the "project set top" command.
   To re-calculate the new top automatically, set the "Auto Implementation Top"
   property to true.
Top level has been set to "/rom"
Generating README file...
Generating FLIST file...
INFO:sim:948 - Finished FLIST file generation.
Launching README viewer...
Moving files to output directory...
Finished moving files to output directory
Wrote CGP file for project 'rom'.
