Release 14.7 - xst P.20131013 (nt64)
Copyright (c) 1995-2013 Xilinx, Inc.  All rights reserved.
--> Parameter TMPDIR set to xst/projnav.tmp


Total REAL time to Xst completion: 0.00 secs
Total CPU time to Xst completion: 0.10 secs
 
--> Parameter xsthdpdir set to xst


Total REAL time to Xst completion: 0.00 secs
Total CPU time to Xst completion: 0.10 secs
 
--> Reading design: main.prj

TABLE OF CONTENTS
  1) Synthesis Options Summary
  2) HDL Parsing
  3) HDL Elaboration
  4) HDL Synthesis
       4.1) HDL Synthesis Report
  5) Advanced HDL Synthesis
       5.1) Advanced HDL Synthesis Report
  6) Low Level Synthesis
  7) Partition Report
  8) Design Summary
       8.1) Primitive and Black Box Usage
       8.2) Device utilization summary
       8.3) Partition Resource Summary
       8.4) Timing Report
            8.4.1) Clock Information
            8.4.2) Asynchronous Control Signals Information
            8.4.3) Timing Summary
            8.4.4) Timing Details
            8.4.5) Cross Clock Domains Report


=========================================================================
*                      Synthesis Options Summary                        *
=========================================================================
---- Source Parameters
Input File Name                    : "main.prj"
Ignore Synthesis Constraint File   : NO

---- Target Parameters
Output File Name                   : "main"
Output Format                      : NGC
Target Device                      : xc6slx9-2-tqg144

---- Source Options
Top Module Name                    : main
Automatic FSM Extraction           : YES
FSM Encoding Algorithm             : Auto
Safe Implementation                : No
FSM Style                          : LUT
RAM Extraction                     : Yes
RAM Style                          : Auto
ROM Extraction                     : Yes
Shift Register Extraction          : YES
ROM Style                          : Auto
Resource Sharing                   : YES
Asynchronous To Synchronous        : NO
Shift Register Minimum Size        : 2
Use DSP Block                      : Auto
Automatic Register Balancing       : No

---- Target Options
LUT Combining                      : Auto
Reduce Control Sets                : Auto
Add IO Buffers                     : YES
Global Maximum Fanout              : 100000
Add Generic Clock Buffer(BUFG)     : 16
Register Duplication               : YES
Optimize Instantiated Primitives   : NO
Use Clock Enable                   : Auto
Use Synchronous Set                : Auto
Use Synchronous Reset              : Auto
Pack IO Registers into IOBs        : Auto
Equivalent register Removal        : YES

---- General Options
Optimization Goal                  : Speed
Optimization Effort                : 2
Power Reduction                    : NO
Keep Hierarchy                     : No
Netlist Hierarchy                  : As_Optimized
RTL Output                         : Yes
Global Optimization                : AllClockNets
Read Cores                         : YES
Write Timing Constraints           : NO
Cross Clock Analysis               : NO
Hierarchy Separator                : /
Bus Delimiter                      : <>
Case Specifier                     : Maintain
Slice Utilization Ratio            : 100
BRAM Utilization Ratio             : 100
DSP48 Utilization Ratio            : 100
Auto BRAM Packing                  : NO
Slice Utilization Ratio Delta      : 5

=========================================================================


=========================================================================
*                          HDL Parsing                                  *
=========================================================================
Parsing VHDL file "D:\Personal\Projects\ILF-16\ILF-EXTIO\transmitter.vhf" into library work
Parsing entity <FJKCE_HXILINX_transmitter>.
Parsing architecture <Behavioral> of entity <fjkce_hxilinx_transmitter>.
Parsing entity <M2_1_HXILINX_transmitter>.
Parsing architecture <M2_1_HXILINX_transmitter_V> of entity <m2_1_hxilinx_transmitter>.
Parsing entity <transmitter>.
Parsing architecture <BEHAVIORAL> of entity <transmitter>.
Parsing VHDL file "D:\Personal\Projects\ILF-16\ILF-EXTIO\BTN_inputs.vhf" into library work
Parsing entity <BTN_inputs>.
Parsing architecture <BEHAVIORAL> of entity <btn_inputs>.
Parsing VHDL file "D:\Personal\Projects\ILF-16\ILF-EXTIO\main.vhf" into library work
Parsing entity <FJKCE_HXILINX_main>.
Parsing architecture <Behavioral> of entity <fjkce_hxilinx_main>.
Parsing entity <M2_1_HXILINX_main>.
Parsing architecture <M2_1_HXILINX_main_V> of entity <m2_1_hxilinx_main>.
Parsing entity <BTN_inputs_MUSER_main>.
Parsing architecture <BEHAVIORAL> of entity <btn_inputs_muser_main>.
Parsing entity <transmitter_MUSER_main>.
Parsing architecture <BEHAVIORAL> of entity <transmitter_muser_main>.
Parsing entity <main>.
Parsing architecture <BEHAVIORAL> of entity <main>.

=========================================================================
*                            HDL Elaboration                            *
=========================================================================

Elaborating entity <main> (architecture <BEHAVIORAL>) from library <work>.

Elaborating entity <BTN_inputs_MUSER_main> (architecture <BEHAVIORAL>) from library <work>.

Elaborating entity <transmitter_MUSER_main> (architecture <BEHAVIORAL>) from library <work>.

Elaborating entity <M2_1_HXILINX_main> (architecture <M2_1_HXILINX_main_V>) from library <work>.
INFO:HDLCompiler:679 - "D:\Personal\Projects\ILF-16\ILF-EXTIO\main.vhf" Line 94. Case statement is complete. others clause is never selected

Elaborating entity <FJKCE_HXILINX_main> (architecture <Behavioral>) with generics from library <work>.

=========================================================================
*                           HDL Synthesis                               *
=========================================================================

Synthesizing Unit <main>.
    Related source file is "D:\Personal\Projects\ILF-16\ILF-EXTIO\main.vhf".
    Summary:
	no macro.
Unit <main> synthesized.

Synthesizing Unit <BTN_inputs_MUSER_main>.
    Related source file is "D:\Personal\Projects\ILF-16\ILF-EXTIO\main.vhf".
    Summary:
	no macro.
Unit <BTN_inputs_MUSER_main> synthesized.

Synthesizing Unit <transmitter_MUSER_main>.
    Related source file is "D:\Personal\Projects\ILF-16\ILF-EXTIO\main.vhf".
    Set property "HU_SET = XLXI_14_7" for instance <XLXI_14>.
    Set property "HU_SET = XLXI_16_1" for instance <XLXI_16>.
    Set property "HU_SET = XLXI_18_2" for instance <XLXI_18>.
    Set property "HU_SET = XLXI_20_3" for instance <XLXI_20>.
    Set property "HU_SET = XLXI_22_4" for instance <XLXI_22>.
    Set property "HU_SET = XLXI_24_5" for instance <XLXI_24>.
    Set property "HU_SET = XLXI_26_6" for instance <XLXI_26>.
    Set property "HU_SET = XLXI_75_0" for instance <XLXI_75>.
    Summary:
	no macro.
Unit <transmitter_MUSER_main> synthesized.

Synthesizing Unit <M2_1_HXILINX_main>.
    Related source file is "D:\Personal\Projects\ILF-16\ILF-EXTIO\main.vhf".
    Summary:
	inferred   1 Multiplexer(s).
Unit <M2_1_HXILINX_main> synthesized.

Synthesizing Unit <FJKCE_HXILINX_main>.
    Related source file is "D:\Personal\Projects\ILF-16\ILF-EXTIO\main.vhf".
        INIT = '0'
    Found 1-bit register for signal <q_tmp>.
    Summary:
	inferred   1 D-type flip-flop(s).
	inferred   2 Multiplexer(s).
Unit <FJKCE_HXILINX_main> synthesized.

=========================================================================
HDL Synthesis Report

Macro Statistics
# Registers                                            : 1
 1-bit register                                        : 1
# Multiplexers                                         : 9
 1-bit 2-to-1 multiplexer                              : 9

=========================================================================

=========================================================================
*                       Advanced HDL Synthesis                          *
=========================================================================


=========================================================================
Advanced HDL Synthesis Report

Macro Statistics
# Registers                                            : 15
 Flip-Flops                                            : 15
# Multiplexers                                         : 2
 1-bit 2-to-1 multiplexer                              : 2

=========================================================================

=========================================================================
*                         Low Level Synthesis                           *
=========================================================================

Optimizing unit <main> ...

Optimizing unit <transmitter_MUSER_main> ...

Optimizing unit <FJKCE_HXILINX_main> ...

Optimizing unit <M2_1_HXILINX_main> ...

Mapping all equations...
Building and optimizing final netlist ...
Found area constraint ratio of 100 (+ 5) on block main, actual ratio is 0.

Final Macro Processing ...

=========================================================================
Final Register Report

Macro Statistics
# Registers                                            : 15
 Flip-Flops                                            : 15

=========================================================================

=========================================================================
*                           Partition Report                            *
=========================================================================

Partition Implementation Status
-------------------------------

  No Partitions were found in this design.

-------------------------------

=========================================================================
*                            Design Summary                             *
=========================================================================

Top Level Output File Name         : main.ngc

Primitive and Black Box Usage:
------------------------------
# BELS                             : 24
#      AND2                        : 1
#      AND3                        : 2
#      BUF                         : 6
#      GND                         : 2
#      INV                         : 4
#      LUT2                        : 1
#      LUT3                        : 6
#      VCC                         : 1
#      XOR2                        : 1
# FlipFlops/Latches                : 15
#      FD                          : 2
#      FDCE                        : 8
#      FDE                         : 5
# Clock Buffers                    : 1
#      BUFGP                       : 1
# IO Buffers                       : 10
#      IBUF                        : 8
#      OBUF                        : 2

Device utilization summary:
---------------------------

Selected Device : 6slx9tqg144-2 


Slice Logic Utilization: 
 Number of Slice Registers:              15  out of  11440     0%  
 Number of Slice LUTs:                   11  out of   5720     0%  
    Number used as Logic:                11  out of   5720     0%  

Slice Logic Distribution: 
 Number of LUT Flip Flop pairs used:     26
   Number with an unused Flip Flop:      11  out of     26    42%  
   Number with an unused LUT:            15  out of     26    57%  
   Number of fully used LUT-FF pairs:     0  out of     26     0%  
   Number of unique control sets:         6

IO Utilization: 
 Number of IOs:                          11
 Number of bonded IOBs:                  11  out of    102    10%  

Specific Feature Utilization:
 Number of BUFG/BUFGCTRLs:                1  out of     16     6%  

---------------------------
Partition Resource Summary:
---------------------------

  No Partitions were found in this design.

---------------------------


=========================================================================
Timing Report

NOTE: THESE TIMING NUMBERS ARE ONLY A SYNTHESIS ESTIMATE.
      FOR ACCURATE TIMING INFORMATION PLEASE REFER TO THE TRACE REPORT
      GENERATED AFTER PLACE-and-ROUTE.

Clock Information:
------------------
-----------------------------------+------------------------+-------+
Clock Signal                       | Clock buffer(FF name)  | Load  |
-----------------------------------+------------------------+-------+
OSC                                | BUFGP                  | 15    |
-----------------------------------+------------------------+-------+

Asynchronous Control Signals Information:
----------------------------------------
No asynchronous control signals found in this design

Timing Summary:
---------------
Speed Grade: -2

   Minimum period: 3.286ns (Maximum Frequency: 304.321MHz)
   Minimum input arrival time before clock: 3.729ns
   Maximum output required time after clock: 4.118ns
   Maximum combinational path delay: No path found

Timing Details:
---------------
All values displayed in nanoseconds (ns)

=========================================================================
Timing constraint: Default period analysis for Clock 'OSC'
  Clock period: 3.286ns (frequency: 304.321MHz)
  Total number of paths / destination ports: 32 / 19
-------------------------------------------------------------------------
Delay:               3.286ns (Levels of Logic = 2)
  Source:            XLXI_114/XLXI_75/q_tmp (FF)
  Destination:       XLXI_114/XLXI_121 (FF)
  Source Clock:      OSC rising
  Destination Clock: OSC rising

  Data Path: XLXI_114/XLXI_75/q_tmp to XLXI_114/XLXI_121
                                Gate     Net
    Cell:in->out      fanout   Delay   Delay  Logical Name (Net Name)
    ----------------------------------------  ------------
     FDCE:C->Q            12   0.525   1.524  q_tmp (q_tmp)
     end scope: 'XLXI_114/XLXI_75:Q'
     AND3:I0->O            1   0.254   0.681  XLXI_114/XLXI_122 (XLXI_114/XLXN_285)
     FDE:CE                    0.302          XLXI_114/XLXI_121
    ----------------------------------------
    Total                      3.286ns (1.081ns logic, 2.205ns route)
                                       (32.9% logic, 67.1% route)

=========================================================================
Timing constraint: Default OFFSET IN BEFORE for Clock 'OSC'
  Total number of paths / destination ports: 21 / 21
-------------------------------------------------------------------------
Offset:              3.729ns (Levels of Logic = 4)
  Source:            BTN1 (PAD)
  Destination:       XLXI_114/XLXI_27 (FF)
  Destination Clock: OSC rising

  Data Path: BTN1 to XLXI_114/XLXI_27
                                Gate     Net
    Cell:in->out      fanout   Delay   Delay  Logical Name (Net Name)
    ----------------------------------------  ------------
     IBUF:I->O             1   1.328   0.681  BTN1_IBUF (BTN1_IBUF)
     BUF:I->O              1   0.710   0.682  BTN_inputs_map/XLXI_1 (XLXN_287<0>)
     begin scope: 'XLXI_114/XLXI_26:D0'
     LUT3:I2->O            1   0.254   0.000  Mmux_O11 (O)
     end scope: 'XLXI_114/XLXI_26:O'
     FDCE:D                    0.074          XLXI_114/XLXI_27
    ----------------------------------------
    Total                      3.729ns (2.366ns logic, 1.363ns route)
                                       (63.4% logic, 36.6% route)

=========================================================================
Timing constraint: Default OFFSET OUT AFTER for Clock 'OSC'
  Total number of paths / destination ports: 2 / 2
-------------------------------------------------------------------------
Offset:              4.118ns (Levels of Logic = 1)
  Source:            XLXI_114/XLXI_175 (FF)
  Destination:       K1_1 (PAD)
  Source Clock:      OSC rising

  Data Path: XLXI_114/XLXI_175 to K1_1
                                Gate     Net
    Cell:in->out      fanout   Delay   Delay  Logical Name (Net Name)
    ----------------------------------------  ------------
     FD:C->Q               1   0.525   0.681  XLXI_114/XLXI_175 (K1_1_OBUF)
     OBUF:I->O                 2.912          K1_1_OBUF (K1_1)
    ----------------------------------------
    Total                      4.118ns (3.437ns logic, 0.681ns route)
                                       (83.5% logic, 16.5% route)

=========================================================================

Cross Clock Domains Report:
--------------------------

Clock to Setup on destination clock OSC
---------------+---------+---------+---------+---------+
               | Src:Rise| Src:Fall| Src:Rise| Src:Fall|
Source Clock   |Dest:Rise|Dest:Rise|Dest:Fall|Dest:Fall|
---------------+---------+---------+---------+---------+
OSC            |    3.286|         |         |         |
---------------+---------+---------+---------+---------+

=========================================================================


Total REAL time to Xst completion: 3.00 secs
Total CPU time to Xst completion: 3.39 secs
 
--> 

Total memory usage is 4519692 kilobytes

Number of errors   :    0 (   0 filtered)
Number of warnings :    0 (   0 filtered)
Number of infos    :    0 (   0 filtered)

